   1               		.file	"main.c"
   2               	__SP_H__ = 0x3e
   3               	__SP_L__ = 0x3d
   4               	__SREG__ = 0x3f
   5               	__CCP__ = 0x34
   6               	__tmp_reg__ = 0
   7               	__zero_reg__ = 1
   8               		.text
   9               	.Ltext0:
  10               		.cfi_sections	.debug_frame
  11               		.section	.rodata.str1.1,"aMS",@progbits,1
  12               	.LC0:
  13 0000 5354 4152 		.string	"START\n"
  13      540A 00
  14               		.section	.text.startup,"ax",@progbits
  15               	.global	main
  17               	main:
  18               	.LFB18:
  19               		.file 1 "Src/core/main.c"
   1:Src/core/main.c **** //***************************************************************************
   2:Src/core/main.c **** // Copyright (C) 2017 Laboratório de Sistemas e Tecnologia Subaquática      *
   3:Src/core/main.c **** // Departamento de Engenharia Electrotécnica e de Computadores              *
   4:Src/core/main.c **** // Rua Dr. Roberto Frias, 4200-465 Porto, Portugal                          *
   5:Src/core/main.c **** //***************************************************************************
   6:Src/core/main.c **** // Author: João Costa                                                       *
   7:Src/core/main.c **** //***************************************************************************
   8:Src/core/main.c **** 
   9:Src/core/main.c **** #include "../../Inc/core/main.h"
  10:Src/core/main.c **** 
  11:Src/core/main.c **** /*! Success variable, used to test driver. */
  12:Src/core/main.c **** extern int end_stop1;
  13:Src/core/main.c **** 
  14:Src/core/main.c **** uint32_t time = 0;
  15:Src/core/main.c **** 
  16:Src/core/main.c **** int main(void)
  17:Src/core/main.c **** {
  20               		.loc 1 17 1 view -0
  21               		.cfi_startproc
  22               	/* prologue: function */
  23               	/* frame size = 0 */
  24               	/* stack size = 0 */
  25               	.L__stack_usage = 0
  18:Src/core/main.c ****   cli();
  26               		.loc 1 18 3 view .LVU1
  27               	/* #APP */
  28               	 ;  18 "Src/core/main.c" 1
  29 0000 F894      		cli
  30               	 ;  0 "" 2
  19:Src/core/main.c ****   board_init();
  31               		.loc 1 19 3 view .LVU2
  32               	/* #NOAPP */
  33               	.LBB4:
  34               	.LBI4:
  35               		.file 2 "Src/core/../../Inc/core/../../Inc/core/board_init.h"
   1:Src/core/../../Inc/core/../../Inc/core/board_init.h **** //***************************************************************************
   2:Src/core/../../Inc/core/../../Inc/core/board_init.h **** // Copyright (C) 2017 Laboratório de Sistemas e Tecnologia Subaquática      *
   3:Src/core/../../Inc/core/../../Inc/core/board_init.h **** // Departamento de Engenharia Electrotécnica e de Computadores              *
   4:Src/core/../../Inc/core/../../Inc/core/board_init.h **** // Rua Dr. Roberto Frias, 4200-465 Porto, Portugal                          *
   5:Src/core/../../Inc/core/../../Inc/core/board_init.h **** //***************************************************************************
   6:Src/core/../../Inc/core/../../Inc/core/board_init.h **** // Author: João Costa                                                       *
   7:Src/core/../../Inc/core/../../Inc/core/board_init.h **** //***************************************************************************
   8:Src/core/../../Inc/core/../../Inc/core/board_init.h **** 
   9:Src/core/../../Inc/core/../../Inc/core/board_init.h **** #ifndef BOARD_INIT_H_INCLUDED_
  10:Src/core/../../Inc/core/../../Inc/core/board_init.h **** #define BOARD_INIT_H_INCLUDED_
  11:Src/core/../../Inc/core/../../Inc/core/board_init.h **** 
  12:Src/core/../../Inc/core/../../Inc/core/board_init.h **** /// ISO C 99 headers.
  13:Src/core/../../Inc/core/../../Inc/core/board_init.h **** #include <stddef.h>
  14:Src/core/../../Inc/core/../../Inc/core/board_init.h **** #include <inttypes.h>
  15:Src/core/../../Inc/core/../../Inc/core/board_init.h **** #include <stdio.h>
  16:Src/core/../../Inc/core/../../Inc/core/board_init.h **** #include <stdlib.h>
  17:Src/core/../../Inc/core/../../Inc/core/board_init.h **** #include <string.h>
  18:Src/core/../../Inc/core/../../Inc/core/board_init.h **** 
  19:Src/core/../../Inc/core/../../Inc/core/board_init.h **** // Local Headers
  20:Src/core/../../Inc/core/../../Inc/core/board_init.h **** #include "../../config.h"
  21:Src/core/../../Inc/core/../../Inc/core/board_init.h **** #include "../driver/io.h"
  22:Src/core/../../Inc/core/../../Inc/core/board_init.h **** //#include "../driver/usart.h"
  23:Src/core/../../Inc/core/../../Inc/core/board_init.h **** #include "../../TC_driver/TC_driver.h"
  24:Src/core/../../Inc/core/../../Inc/core/board_init.h **** 
  25:Src/core/../../Inc/core/../../Inc/core/board_init.h **** // AVR headers.
  26:Src/core/../../Inc/core/../../Inc/core/board_init.h **** #include <avr/io.h>
  27:Src/core/../../Inc/core/../../Inc/core/board_init.h **** 
  28:Src/core/../../Inc/core/../../Inc/core/board_init.h **** static inline void
  29:Src/core/../../Inc/core/../../Inc/core/board_init.h **** board_init(void)
  36               		.loc 2 29 1 view .LVU3
  37               	.LBB5:
  30:Src/core/../../Inc/core/../../Inc/core/board_init.h **** {
  31:Src/core/../../Inc/core/../../Inc/core/board_init.h ****   //***********************************************************************
  32:Src/core/../../Inc/core/../../Inc/core/board_init.h ****   // System Clock.                                                        *
  33:Src/core/../../Inc/core/../../Inc/core/board_init.h ****   //***********************************************************************
  34:Src/core/../../Inc/core/../../Inc/core/board_init.h ****   // ENABLE INTERNAL 32MHZ OSCILLATOR
  35:Src/core/../../Inc/core/../../Inc/core/board_init.h ****   CCP = CCP_IOREG_gc;
  38               		.loc 2 35 3 view .LVU4
  39               		.loc 2 35 7 is_stmt 0 view .LVU5
  40 0002 88ED      		ldi r24,lo8(-40)
  41 0004 84BF      		out __CCP__,r24
  36:Src/core/../../Inc/core/../../Inc/core/board_init.h ****   OSC.CTRL = OSC_RC32MEN_bm;
  42               		.loc 2 36 3 is_stmt 1 view .LVU6
  43               		.loc 2 36 12 is_stmt 0 view .LVU7
  44 0006 82E0      		ldi r24,lo8(2)
  45 0008 8093 5000 		sts 80,r24
  37:Src/core/../../Inc/core/../../Inc/core/board_init.h ****   while (!(OSC.STATUS & OSC_RC32MRDY_bm))
  46               		.loc 2 37 3 is_stmt 1 view .LVU8
  47               	.L2:
  38:Src/core/../../Inc/core/../../Inc/core/board_init.h ****     ;
  48               		.loc 2 38 5 view .LVU9
  37:Src/core/../../Inc/core/../../Inc/core/board_init.h ****   while (!(OSC.STATUS & OSC_RC32MRDY_bm))
  49               		.loc 2 37 9 view .LVU10
  37:Src/core/../../Inc/core/../../Inc/core/board_init.h ****   while (!(OSC.STATUS & OSC_RC32MRDY_bm))
  50               		.loc 2 37 15 is_stmt 0 view .LVU11
  51 000c 8091 5100 		lds r24,81
  37:Src/core/../../Inc/core/../../Inc/core/board_init.h ****   while (!(OSC.STATUS & OSC_RC32MRDY_bm))
  52               		.loc 2 37 9 view .LVU12
  53 0010 81FF      		sbrs r24,1
  54 0012 00C0      		rjmp .L2
  39:Src/core/../../Inc/core/../../Inc/core/board_init.h **** 
  40:Src/core/../../Inc/core/../../Inc/core/board_init.h ****   CCP = CCP_IOREG_gc;
  55               		.loc 2 40 3 is_stmt 1 view .LVU13
  56               		.loc 2 40 7 is_stmt 0 view .LVU14
  57 0014 88ED      		ldi r24,lo8(-40)
  58 0016 84BF      		out __CCP__,r24
  41:Src/core/../../Inc/core/../../Inc/core/board_init.h ****   CLK.CTRL = CLK_SCLKSEL_RC32M_gc;
  59               		.loc 2 41 3 is_stmt 1 view .LVU15
  60               		.loc 2 41 12 is_stmt 0 view .LVU16
  61 0018 C1E0      		ldi r28,lo8(1)
  62 001a C093 4000 		sts 64,r28
  42:Src/core/../../Inc/core/../../Inc/core/board_init.h **** 
  43:Src/core/../../Inc/core/../../Inc/core/board_init.h ****   //***********************************************************************
  44:Src/core/../../Inc/core/../../Inc/core/board_init.h ****   //* GPIO.                                                               *
  45:Src/core/../../Inc/core/../../Inc/core/board_init.h ****   //***********************************************************************
  46:Src/core/../../Inc/core/../../Inc/core/board_init.h ****   // Setup pins as IN/OUTputs
  47:Src/core/../../Inc/core/../../Inc/core/board_init.h ****   GPIO_CFG_OUT(LED, false);
  63               		.loc 2 47 3 is_stmt 1 view .LVU17
  64 001e 40E0      		ldi r20,0
  65 0020 60E0      		ldi r22,0
  66 0022 80E4      		ldi r24,lo8(64)
  67 0024 96E0      		ldi r25,lo8(6)
  68 0026 0E94 0000 		call gpio_cfg_out_np
  69               	.LVL0:
  48:Src/core/../../Inc/core/../../Inc/core/board_init.h ****   GPIO_CFG_OPC(LED, GPIO_OPC_PULLDOWN);
  70               		.loc 2 48 3 view .LVU18
  71 002a 40E1      		ldi r20,lo8(16)
  72 002c 60E0      		ldi r22,0
  73 002e 80E4      		ldi r24,lo8(64)
  74 0030 96E0      		ldi r25,lo8(6)
  75 0032 0E94 0000 		call gpio_cfg_opc_np
  76               	.LVL1:
  49:Src/core/../../Inc/core/../../Inc/core/board_init.h **** 
  50:Src/core/../../Inc/core/../../Inc/core/board_init.h ****   GPIO_CFG_IN(FLOW_SENSOR);
  77               		.loc 2 50 3 view .LVU19
  78 0036 60E0      		ldi r22,0
  79 0038 80E6      		ldi r24,lo8(96)
  80 003a 96E0      		ldi r25,lo8(6)
  81 003c 0E94 0000 		call gpio_cfg_in_np
  82               	.LVL2:
  51:Src/core/../../Inc/core/../../Inc/core/board_init.h ****   GPIO_CFG_OPC(FLOW_SENSOR, GPIO_OPC_PULLDOWN);
  83               		.loc 2 51 3 view .LVU20
  84 0040 40E1      		ldi r20,lo8(16)
  85 0042 60E0      		ldi r22,0
  86 0044 80E6      		ldi r24,lo8(96)
  87 0046 96E0      		ldi r25,lo8(6)
  88 0048 0E94 0000 		call gpio_cfg_opc_np
  89               	.LVL3:
  52:Src/core/../../Inc/core/../../Inc/core/board_init.h ****   GPIO_CFG_ISC(FLOW_SENSOR, GPIO_ISC_RISING);
  90               		.loc 2 52 3 view .LVU21
  91 004c 41E0      		ldi r20,lo8(1)
  92 004e 60E0      		ldi r22,0
  93 0050 80E6      		ldi r24,lo8(96)
  94 0052 96E0      		ldi r25,lo8(6)
  95 0054 0E94 0000 		call gpio_cfg_isc_np
  96               	.LVL4:
  53:Src/core/../../Inc/core/../../Inc/core/board_init.h **** 
  54:Src/core/../../Inc/core/../../Inc/core/board_init.h ****   GPIO_CFG_OUT(UART0_TX, false);
  97               		.loc 2 54 3 view .LVU22
  98 0058 40E0      		ldi r20,0
  99 005a 63E0      		ldi r22,lo8(3)
 100 005c 80E4      		ldi r24,lo8(64)
 101 005e 96E0      		ldi r25,lo8(6)
 102 0060 0E94 0000 		call gpio_cfg_out_np
 103               	.LVL5:
  55:Src/core/../../Inc/core/../../Inc/core/board_init.h ****   GPIO_CFG_IN(UART0_RX);
 104               		.loc 2 55 3 view .LVU23
 105 0064 62E0      		ldi r22,lo8(2)
 106 0066 80E4      		ldi r24,lo8(64)
 107 0068 96E0      		ldi r25,lo8(6)
 108 006a 0E94 0000 		call gpio_cfg_in_np
 109               	.LVL6:
  56:Src/core/../../Inc/core/../../Inc/core/board_init.h **** 
  57:Src/core/../../Inc/core/../../Inc/core/board_init.h ****   //***********************************************************************
  58:Src/core/../../Inc/core/../../Inc/core/board_init.h ****   //* GPIO/External Interrupt                                             *
  59:Src/core/../../Inc/core/../../Inc/core/board_init.h ****   //***********************************************************************
  60:Src/core/../../Inc/core/../../Inc/core/board_init.h ****   // External interrupt 0 on PC1, enable pullup, sence falling edge
  61:Src/core/../../Inc/core/../../Inc/core/board_init.h ****   //PORTC.PIN0CTRL = PORT_OPC_PULLDOWN_gc | PORT_ISC_RISING_gc;
  62:Src/core/../../Inc/core/../../Inc/core/board_init.h ****   PORTD.INT0MASK = (1 << FLOW_SENSOR_PIN);
 110               		.loc 2 62 3 view .LVU24
 111               		.loc 2 62 18 is_stmt 0 view .LVU25
 112 006e C093 6A06 		sts 1642,r28
  63:Src/core/../../Inc/core/../../Inc/core/board_init.h ****   PORTD.INTCTRL = PORT_INT0LVL_MED_gc;
 113               		.loc 2 63 3 is_stmt 1 view .LVU26
 114               		.loc 2 63 17 is_stmt 0 view .LVU27
 115 0072 82E0      		ldi r24,lo8(2)
 116 0074 8093 6906 		sts 1641,r24
  64:Src/core/../../Inc/core/../../Inc/core/board_init.h **** 
  65:Src/core/../../Inc/core/../../Inc/core/board_init.h ****   //***********************************************************************
  66:Src/core/../../Inc/core/../../Inc/core/board_init.h ****   //* Interrupt levels.                                                   *
  67:Src/core/../../Inc/core/../../Inc/core/board_init.h ****   //***********************************************************************
  68:Src/core/../../Inc/core/../../Inc/core/board_init.h ****   //Enables High, Medium and Low Level Interrupts
  69:Src/core/../../Inc/core/../../Inc/core/board_init.h ****   PMIC.CTRL |= PMIC_HILVLEN_bm | PMIC_MEDLVLEN_bm | PMIC_LOLVLEN_bm;
 117               		.loc 2 69 3 is_stmt 1 view .LVU28
 118               		.loc 2 69 13 is_stmt 0 view .LVU29
 119 0078 8091 A200 		lds r24,162
 120 007c 8760      		ori r24,lo8(7)
 121 007e 8093 A200 		sts 162,r24
 122               	.LBE5:
 123               	.LBE4:
  20:Src/core/main.c ****   clock_init();
 124               		.loc 1 20 3 is_stmt 1 view .LVU30
 125 0082 0E94 0000 		call clock_init
 126               	.LVL7:
  21:Src/core/main.c ****   initUsart();
 127               		.loc 1 21 3 view .LVU31
 128 0086 0E94 0000 		call initUsart
 129               	.LVL8:
  22:Src/core/main.c ****   sei();
 130               		.loc 1 22 3 view .LVU32
 131               	/* #APP */
 132               	 ;  22 "Src/core/main.c" 1
 133 008a 7894      		sei
 134               	 ;  0 "" 2
  23:Src/core/main.c **** 
  24:Src/core/main.c ****   spew("START\n");
 135               		.loc 1 24 3 view .LVU33
 136               	/* #NOAPP */
 137 008c 80E0      		ldi r24,lo8(.LC0)
 138 008e 90E0      		ldi r25,hi8(.LC0)
 139 0090 9F93      		push r25
 140               		.cfi_def_cfa_offset 3
 141 0092 8F93      		push r24
 142               		.cfi_def_cfa_offset 4
 143 0094 0E94 0000 		call spew
 144               	.LVL9:
  25:Src/core/main.c ****   time = get_timer_value();
 145               		.loc 1 25 3 view .LVU34
 146               		.loc 1 25 10 is_stmt 0 view .LVU35
 147 0098 0E94 0000 		call get_timer_value
 148               	.LVL10:
 149 009c B0E0      		ldi r27,0
 150 009e A0E0      		ldi r26,0
 151 00a0 8093 0000 		sts time,r24
 152 00a4 9093 0000 		sts time+1,r25
 153 00a8 A093 0000 		sts time+2,r26
 154 00ac B093 0000 		sts time+3,r27
 155               		.loc 1 25 8 view .LVU36
 156 00b0 0F90      		pop __tmp_reg__
 157 00b2 0F90      		pop __tmp_reg__
 158               		.cfi_def_cfa_offset 2
 159               	.L3:
  26:Src/core/main.c ****   while (1)
 160               		.loc 1 26 3 is_stmt 1 view .LVU37
  27:Src/core/main.c ****   {
  28:Src/core/main.c ****     get_flow1_value();
 161               		.loc 1 28 5 view .LVU38
 162 00b4 0E94 0000 		call get_flow1_value
 163               	.LVL11:
  29:Src/core/main.c **** 
  30:Src/core/main.c ****     if (get_timer_value() - time >= 1000)
 164               		.loc 1 30 5 view .LVU39
 165               		.loc 1 30 9 is_stmt 0 view .LVU40
 166 00b8 0E94 0000 		call get_timer_value
 167               	.LVL12:
 168 00bc B0E0      		ldi r27,0
 169 00be A0E0      		ldi r26,0
 170               		.loc 1 30 27 view .LVU41
 171 00c0 4091 0000 		lds r20,time
 172 00c4 5091 0000 		lds r21,time+1
 173 00c8 6091 0000 		lds r22,time+2
 174 00cc 7091 0000 		lds r23,time+3
 175 00d0 841B      		sub r24,r20
 176 00d2 950B      		sbc r25,r21
 177 00d4 A60B      		sbc r26,r22
 178 00d6 B70B      		sbc r27,r23
 179               		.loc 1 30 8 view .LVU42
 180 00d8 883E      		cpi r24,-24
 181 00da 9340      		sbci r25,3
 182 00dc A105      		cpc r26,__zero_reg__
 183 00de B105      		cpc r27,__zero_reg__
 184 00e0 00F0      		brlo .L3
  31:Src/core/main.c ****     {
  32:Src/core/main.c ****       GPIO_TGL(LED);
 185               		.loc 1 32 7 is_stmt 1 view .LVU43
 186 00e2 60E0      		ldi r22,0
 187 00e4 80E4      		ldi r24,lo8(64)
 188 00e6 96E0      		ldi r25,lo8(6)
 189 00e8 0E94 0000 		call gpio_tgl_np
 190               	.LVL13:
  33:Src/core/main.c ****       time = get_timer_value();
 191               		.loc 1 33 7 view .LVU44
 192               		.loc 1 33 14 is_stmt 0 view .LVU45
 193 00ec 0E94 0000 		call get_timer_value
 194               	.LVL14:
 195 00f0 B0E0      		ldi r27,0
 196 00f2 A0E0      		ldi r26,0
 197 00f4 8093 0000 		sts time,r24
 198 00f8 9093 0000 		sts time+1,r25
 199 00fc A093 0000 		sts time+2,r26
 200 0100 B093 0000 		sts time+3,r27
 201 0104 00C0      		rjmp .L3
 202               		.cfi_endproc
 203               	.LFE18:
 205               	.global	time
 206               		.section .bss
 209               	time:
 210 0000 0000 0000 		.zero	4
 211               		.text
 212               	.Letext0:
 213               		.file 3 "/usr/local/Cellar/avr-gcc/9.3.0/lib/avr-gcc/9/gcc/avr/9.3.0/include/stdint-gcc.h"
 214               		.file 4 "/usr/local/Cellar/avr-gcc/9.3.0/avr/include/avr/iox32a4u.h"
 215               		.file 5 "/usr/local/Cellar/avr-gcc/9.3.0/lib/avr-gcc/9/gcc/avr/9.3.0/include/stddef.h"
 216               		.file 6 "/usr/local/Cellar/avr-gcc/9.3.0/avr/include/stdio.h"
 217               		.file 7 "/usr/local/Cellar/avr-gcc/9.3.0/avr/include/stdlib.h"
 218               		.file 8 "Src/core/../../Inc/core/../../Inc/core/../driver/io.h"
 219               		.file 9 "Src/core/../../Inc/core/../../Inc/driver/clock.h"
 220               		.file 10 "Src/core/../../Inc/core/../../Inc/driver/uart.h"
 221               		.file 11 "Src/core/../../Inc/core/../../Inc/driver/flow_sensor.h"
DEFINED SYMBOLS
                            *ABS*:0000000000000000 main.c
/var/folders/yp/mmqk4_hx5c99vq73lkt1gzd00000gn/T//ccyaKuJ1.s:2      *ABS*:000000000000003e __SP_H__
/var/folders/yp/mmqk4_hx5c99vq73lkt1gzd00000gn/T//ccyaKuJ1.s:3      *ABS*:000000000000003d __SP_L__
/var/folders/yp/mmqk4_hx5c99vq73lkt1gzd00000gn/T//ccyaKuJ1.s:4      *ABS*:000000000000003f __SREG__
/var/folders/yp/mmqk4_hx5c99vq73lkt1gzd00000gn/T//ccyaKuJ1.s:5      *ABS*:0000000000000034 __CCP__
/var/folders/yp/mmqk4_hx5c99vq73lkt1gzd00000gn/T//ccyaKuJ1.s:6      *ABS*:0000000000000000 __tmp_reg__
/var/folders/yp/mmqk4_hx5c99vq73lkt1gzd00000gn/T//ccyaKuJ1.s:7      *ABS*:0000000000000001 __zero_reg__
/var/folders/yp/mmqk4_hx5c99vq73lkt1gzd00000gn/T//ccyaKuJ1.s:17     .text.startup:0000000000000000 main
/var/folders/yp/mmqk4_hx5c99vq73lkt1gzd00000gn/T//ccyaKuJ1.s:209    .bss:0000000000000000 time

UNDEFINED SYMBOLS
gpio_cfg_out_np
gpio_cfg_opc_np
gpio_cfg_in_np
gpio_cfg_isc_np
clock_init
initUsart
spew
get_timer_value
get_flow1_value
gpio_tgl_np
__do_copy_data
__do_clear_bss
