   1               		.file	"inputs.c"
   2               	__SP_H__ = 0x3e
   3               	__SP_L__ = 0x3d
   4               	__SREG__ = 0x3f
   5               	__CCP__ = 0x34
   6               	__tmp_reg__ = 0
   7               	__zero_reg__ = 1
  10               		.text
  11               	.Ltext0:
 484               	.global	read_end_stops
 486               	read_end_stops:
 487               		.stabd	46,0,0
   1:Src/core/inputs.c **** #include "../../Inc/core/inputs.h"
   2:Src/core/inputs.c **** #include "../../Inc/driver/io.h"
   3:Src/core/inputs.c **** #include "../../TC_driver/avr_compiler.h"
   4:Src/core/inputs.c **** #include "../../config.h"
   5:Src/core/inputs.c **** 
   6:Src/core/inputs.c **** // VARS
   7:Src/core/inputs.c **** 
   8:Src/core/inputs.c **** //end stop1
   9:Src/core/inputs.c **** int switch1 = 1;
  10:Src/core/inputs.c **** int last_switch1;
  11:Src/core/inputs.c **** int end_stop1 = 0;
  12:Src/core/inputs.c **** 
  13:Src/core/inputs.c **** void read_end_stops(void)
  14:Src/core/inputs.c **** {
 489               	.LM0:
 490               	.LFBB1:
 491               	/* prologue: function */
 492               	/* frame size = 0 */
 493               	/* stack size = 0 */
 494               	.L__stack_usage = 0
 495 0000 0895      		ret
 497               	.Lscope1:
 499               		.stabd	78,0,0
 501               	.global	__vector_2
 503               	__vector_2:
 504               		.stabd	46,0,0
  15:Src/core/inputs.c ****   /* NO INTERRUPTS MODE*/
  16:Src/core/inputs.c ****   /*// End Stop 1
  17:Src/core/inputs.c ****   last_switch1 = switch1;
  18:Src/core/inputs.c ****   switch1 = GPIO_IS_SET(BUTTON);
  19:Src/core/inputs.c ****   if (switch1 && !last_switch1)
  20:Src/core/inputs.c ****   {
  21:Src/core/inputs.c ****     end_stop1 = 1;
  22:Src/core/inputs.c ****   }*/
  23:Src/core/inputs.c **** }
  24:Src/core/inputs.c **** 
  25:Src/core/inputs.c **** ISR(PORTC_INT0_vect)
  26:Src/core/inputs.c **** {
 506               	.LM1:
 507               	.LFBB2:
 509               	.LM2:
 510 0002 1F92      		push r1
 511 0004 0F92      		push r0
 512 0006 0FB6      		in r0,__SREG__
 513 0008 0F92      		push r0
 514 000a 1124      		clr __zero_reg__
 515 000c 2F93      		push r18
 516 000e 3F93      		push r19
 517 0010 4F93      		push r20
 518 0012 5F93      		push r21
 519 0014 6F93      		push r22
 520 0016 7F93      		push r23
 521 0018 8F93      		push r24
 522 001a 9F93      		push r25
 523 001c AF93      		push r26
 524 001e BF93      		push r27
 525 0020 EF93      		push r30
 526 0022 FF93      		push r31
 527               	/* prologue: Signal */
 528               	/* frame size = 0 */
 529               	/* stack size = 15 */
 530               	.L__stack_usage = 15
  27:Src/core/inputs.c ****   GPIO_TGL(LED);
 532               	.LM3:
 533 0024 60E0      		ldi r22,0
 534 0026 80E4      		ldi r24,lo8(64)
 535 0028 96E0      		ldi r25,lo8(6)
 536 002a 0E94 0000 		call gpio_tgl_np
 537               	/* epilogue start */
  28:Src/core/inputs.c **** }...
 539               	.LM4:
 540 002e FF91      		pop r31
 541 0030 EF91      		pop r30
 542 0032 BF91      		pop r27
 543 0034 AF91      		pop r26
 544 0036 9F91      		pop r25
 545 0038 8F91      		pop r24
 546 003a 7F91      		pop r23
 547 003c 6F91      		pop r22
 548 003e 5F91      		pop r21
 549 0040 4F91      		pop r20
 550 0042 3F91      		pop r19
 551 0044 2F91      		pop r18
 552 0046 0F90      		pop r0
 553 0048 0FBE      		out __SREG__,r0
 554 004a 0F90      		pop r0
 555 004c 1F90      		pop r1
 556 004e 1895      		reti
 558               	.Lscope2:
 560               		.stabd	78,0,0
 561               	.global	end_stop1
 562               		.section .bss
 565               	end_stop1:
 566 0000 0000      		.zero	2
 567               		.comm	last_switch1,2,1
 568               	.global	switch1
 569               		.data
 572               	switch1:
 573 0000 0100      		.word	1
 577               		.text
 579               	.Letext0:
 580               		.ident	"GCC: (GNU) 5.4.0"
 581               	.global __do_copy_data
 582               	.global __do_clear_bss
DEFINED SYMBOLS
                            *ABS*:0000000000000000 inputs.c
     /tmp/ccTpDjDq.s:2      *ABS*:000000000000003e __SP_H__
     /tmp/ccTpDjDq.s:3      *ABS*:000000000000003d __SP_L__
     /tmp/ccTpDjDq.s:4      *ABS*:000000000000003f __SREG__
     /tmp/ccTpDjDq.s:5      *ABS*:0000000000000034 __CCP__
     /tmp/ccTpDjDq.s:6      *ABS*:0000000000000000 __tmp_reg__
     /tmp/ccTpDjDq.s:7      *ABS*:0000000000000001 __zero_reg__
     /tmp/ccTpDjDq.s:486    .text:0000000000000000 read_end_stops
     /tmp/ccTpDjDq.s:503    .text:0000000000000002 __vector_2
     /tmp/ccTpDjDq.s:565    .bss:0000000000000000 end_stop1
                            *COM*:0000000000000002 last_switch1
     /tmp/ccTpDjDq.s:572    .data:0000000000000000 switch1

UNDEFINED SYMBOLS
gpio_tgl_np
__do_copy_data
__do_clear_bss
