   1               		.file	"main.c"
   2               	__SP_H__ = 0x3e
   3               	__SP_L__ = 0x3d
   4               	__SREG__ = 0x3f
   5               	__CCP__ = 0x34
   6               	__tmp_reg__ = 0
   7               	__zero_reg__ = 1
  10               		.text
  11               	.Ltext0:
 510               		.section	.rodata.str1.1,"aMS",@progbits,1
 511               	.LC0:
 512 0000 5354 4152 		.string	"START\n"
 512      540A 00
 513               	.LC1:
 514 0007 4D6F 7665 		.string	"Move done!\n"
 514      2064 6F6E 
 514      6521 0A00 
 515               		.section	.text.startup,"ax",@progbits
 517               	.global	main
 519               	main:
 520               		.stabd	46,0,0
   1:Src/core/main.c **** //***************************************************************************
   2:Src/core/main.c **** // Copyright (C) 2017 Laboratório de Sistemas e Tecnologia Subaquática      *
   3:Src/core/main.c **** // Departamento de Engenharia Electrotécnica e de Computadores              *
   4:Src/core/main.c **** // Rua Dr. Roberto Frias, 4200-465 Porto, Portugal                          *
   5:Src/core/main.c **** //***************************************************************************
   6:Src/core/main.c **** // Author: João Costa                                                       *
   7:Src/core/main.c **** //***************************************************************************
   8:Src/core/main.c **** 
   9:Src/core/main.c **** #include "../../Inc/core/main.h"
  10:Src/core/main.c **** 
  11:Src/core/main.c **** uint32_t time = 0;
  12:Src/core/main.c **** int var = 0;
  13:Src/core/main.c **** int main(void)
  14:Src/core/main.c **** {
 522               	.LM0:
 523               	.LFBB1:
 524 0000 CF93      		push r28
 525 0002 DF93      		push r29
 526               	/* prologue: function */
 527               	/* frame size = 0 */
 528               	/* stack size = 2 */
 529               	.L__stack_usage = 2
  15:Src/core/main.c ****   cli();
 531               	.LM1:
 532               	/* #APP */
 533               	 ;  15 "Src/core/main.c" 1
 534 0004 F894      		cli
 535               	 ;  0 "" 2
 536               	/* #NOAPP */
 537               	.LBB18:
 538               	.LBB19:
 540               	.Ltext1:
   1:Src/core/../../Inc/core/../../Inc/core/board_init.h **** //***************************************************************************
   2:Src/core/../../Inc/core/../../Inc/core/board_init.h **** // Copyright (C) 2017 Laboratório de Sistemas e Tecnologia Subaquática      *
   3:Src/core/../../Inc/core/../../Inc/core/board_init.h **** // Departamento de Engenharia Electrotécnica e de Computadores              *
   4:Src/core/../../Inc/core/../../Inc/core/board_init.h **** // Rua Dr. Roberto Frias, 4200-465 Porto, Portugal                          *
   5:Src/core/../../Inc/core/../../Inc/core/board_init.h **** //***************************************************************************
   6:Src/core/../../Inc/core/../../Inc/core/board_init.h **** // Author: Pedro Gonçalves                                                  *
   7:Src/core/../../Inc/core/../../Inc/core/board_init.h **** //***************************************************************************
   8:Src/core/../../Inc/core/../../Inc/core/board_init.h **** 
   9:Src/core/../../Inc/core/../../Inc/core/board_init.h **** /// ISO C 99 headers.
  10:Src/core/../../Inc/core/../../Inc/core/board_init.h **** #include <stddef.h>
  11:Src/core/../../Inc/core/../../Inc/core/board_init.h **** #include <inttypes.h>
  12:Src/core/../../Inc/core/../../Inc/core/board_init.h **** #include <stdio.h>
  13:Src/core/../../Inc/core/../../Inc/core/board_init.h **** #include <stdlib.h>
  14:Src/core/../../Inc/core/../../Inc/core/board_init.h **** #include <string.h>
  15:Src/core/../../Inc/core/../../Inc/core/board_init.h **** 
  16:Src/core/../../Inc/core/../../Inc/core/board_init.h **** // Local Headers
  17:Src/core/../../Inc/core/../../Inc/core/board_init.h **** #include "../../config.h"
  18:Src/core/../../Inc/core/../../Inc/core/board_init.h **** #include "../driver/io.h"
  19:Src/core/../../Inc/core/../../Inc/core/board_init.h **** #include "../../Inc/driver/stepper_driver.h"
  20:Src/core/../../Inc/core/../../Inc/core/board_init.h **** #include "../../TC_driver/TC_driver.h"
  21:Src/core/../../Inc/core/../../Inc/core/board_init.h **** 
  22:Src/core/../../Inc/core/../../Inc/core/board_init.h **** // AVR headers.
  23:Src/core/../../Inc/core/../../Inc/core/board_init.h **** #include <avr/io.h>
  24:Src/core/../../Inc/core/../../Inc/core/board_init.h **** 
  25:Src/core/../../Inc/core/../../Inc/core/board_init.h **** #ifndef BOARD_INIT_H_INCLUDED_
  26:Src/core/../../Inc/core/../../Inc/core/board_init.h **** #define BOARD_INIT_H_INCLUDED_
  27:Src/core/../../Inc/core/../../Inc/core/board_init.h **** 
  28:Src/core/../../Inc/core/../../Inc/core/board_init.h **** static inline void
  29:Src/core/../../Inc/core/../../Inc/core/board_init.h **** board_init(void)
  30:Src/core/../../Inc/core/../../Inc/core/board_init.h **** {
  31:Src/core/../../Inc/core/../../Inc/core/board_init.h ****   //***********************************************************************
  32:Src/core/../../Inc/core/../../Inc/core/board_init.h ****   // System Clock.                                                        *
  33:Src/core/../../Inc/core/../../Inc/core/board_init.h ****   //***********************************************************************
  34:Src/core/../../Inc/core/../../Inc/core/board_init.h ****   // ENABLE INTERNAL 32MHZ OSCILLATOR
  35:Src/core/../../Inc/core/../../Inc/core/board_init.h **** 
  36:Src/core/../../Inc/core/../../Inc/core/board_init.h ****   CCP = CCP_IOREG_gc;
 542               	.LM2:
 543 0006 88ED      		ldi r24,lo8(-40)
 544 0008 84BF      		out __CCP__,r24
  37:Src/core/../../Inc/core/../../Inc/core/board_init.h **** 
  38:Src/core/../../Inc/core/../../Inc/core/board_init.h ****   OSC.CTRL = OSC_RC32MEN_bm;
 546               	.LM3:
 547 000a 82E0      		ldi r24,lo8(2)
 548 000c 8093 5000 		sts 80,r24
 549               	.L2:
  39:Src/core/../../Inc/core/../../Inc/core/board_init.h **** 
  40:Src/core/../../Inc/core/../../Inc/core/board_init.h ****   while (!(OSC.STATUS & OSC_RC32MRDY_bm))
 551               	.LM4:
 552 0010 8091 5100 		lds r24,81
 553 0014 81FF      		sbrs r24,1
 554 0016 00C0      		rjmp .L2
  41:Src/core/../../Inc/core/../../Inc/core/board_init.h ****     ;
  42:Src/core/../../Inc/core/../../Inc/core/board_init.h **** 
  43:Src/core/../../Inc/core/../../Inc/core/board_init.h ****   CCP = CCP_IOREG_gc;
 556               	.LM5:
 557 0018 88ED      		ldi r24,lo8(-40)
 558 001a 84BF      		out __CCP__,r24
  44:Src/core/../../Inc/core/../../Inc/core/board_init.h **** 
  45:Src/core/../../Inc/core/../../Inc/core/board_init.h ****   CLK.CTRL = CLK_SCLKSEL_RC32M_gc;
 560               	.LM6:
 561 001c 81E0      		ldi r24,lo8(1)
 562 001e 8093 4000 		sts 64,r24
  46:Src/core/../../Inc/core/../../Inc/core/board_init.h **** 
  47:Src/core/../../Inc/core/../../Inc/core/board_init.h ****   //***********************************************************************
  48:Src/core/../../Inc/core/../../Inc/core/board_init.h ****   //* GPIO.                                                               *
  49:Src/core/../../Inc/core/../../Inc/core/board_init.h ****   //***********************************************************************
  50:Src/core/../../Inc/core/../../Inc/core/board_init.h **** 
  51:Src/core/../../Inc/core/../../Inc/core/board_init.h ****   // Setup pins as IN/OUTputs
  52:Src/core/../../Inc/core/../../Inc/core/board_init.h ****   GPIO_CFG_OUT(LED, false);
 564               	.LM7:
 565 0022 40E0      		ldi r20,0
 566 0024 60E0      		ldi r22,0
 567 0026 80E4      		ldi r24,lo8(64)
 568 0028 96E0      		ldi r25,lo8(6)
 569 002a 0E94 0000 		call gpio_cfg_out_np
  53:Src/core/../../Inc/core/../../Inc/core/board_init.h ****   GPIO_CFG_OPC(LED, GPIO_OPC_PULLDOWN);
 571               	.LM8:
 572 002e 40E1      		ldi r20,lo8(16)
 573 0030 60E0      		ldi r22,0
 574 0032 80E4      		ldi r24,lo8(64)
 575 0034 96E0      		ldi r25,lo8(6)
 576 0036 0E94 0000 		call gpio_cfg_opc_np
  54:Src/core/../../Inc/core/../../Inc/core/board_init.h **** 
  55:Src/core/../../Inc/core/../../Inc/core/board_init.h ****   // Setup stepper pins
  56:Src/core/../../Inc/core/../../Inc/core/board_init.h ****   STEPPER_CFG_A(STEPPER1_A, false);
 578               	.LM9:
 579 003a 40E0      		ldi r20,0
 580 003c 60E0      		ldi r22,0
 581 003e 80E6      		ldi r24,lo8(96)
 582 0040 96E0      		ldi r25,lo8(6)
 583 0042 0E94 0000 		call servo_cfg_A
  57:Src/core/../../Inc/core/../../Inc/core/board_init.h ****   STEPPER_CFG_A_(STEPPER1_a, false);
 585               	.LM10:
 586 0046 40E0      		ldi r20,0
 587 0048 61E0      		ldi r22,lo8(1)
 588 004a 80E6      		ldi r24,lo8(96)
 589 004c 96E0      		ldi r25,lo8(6)
 590 004e 0E94 0000 		call servo_cfg_A_
  58:Src/core/../../Inc/core/../../Inc/core/board_init.h ****   STEPPER_CFG_B(STEPPER1_B, false);
 592               	.LM11:
 593 0052 40E0      		ldi r20,0
 594 0054 64E0      		ldi r22,lo8(4)
 595 0056 80E6      		ldi r24,lo8(96)
 596 0058 96E0      		ldi r25,lo8(6)
 597 005a 0E94 0000 		call servo_cfg_B
  59:Src/core/../../Inc/core/../../Inc/core/board_init.h ****   STEPPER_CFG_B_(STEPPER1_b, false);
 599               	.LM12:
 600 005e 40E0      		ldi r20,0
 601 0060 65E0      		ldi r22,lo8(5)
 602 0062 80E6      		ldi r24,lo8(96)
 603 0064 96E0      		ldi r25,lo8(6)
 604 0066 0E94 0000 		call servo_cfg_B_
  60:Src/core/../../Inc/core/../../Inc/core/board_init.h **** 
  61:Src/core/../../Inc/core/../../Inc/core/board_init.h ****   // UART Pins Init
  62:Src/core/../../Inc/core/../../Inc/core/board_init.h ****   GPIO_CFG_OUT(UART0_TX, false);
 606               	.LM13:
 607 006a 40E0      		ldi r20,0
 608 006c 63E0      		ldi r22,lo8(3)
 609 006e 80E4      		ldi r24,lo8(64)
 610 0070 96E0      		ldi r25,lo8(6)
 611 0072 0E94 0000 		call gpio_cfg_out_np
  63:Src/core/../../Inc/core/../../Inc/core/board_init.h ****   GPIO_CFG_IN(UART0_RX);
 613               	.LM14:
 614 0076 62E0      		ldi r22,lo8(2)
 615 0078 80E4      		ldi r24,lo8(64)
 616 007a 96E0      		ldi r25,lo8(6)
 617 007c 0E94 0000 		call gpio_cfg_in_np
  64:Src/core/../../Inc/core/../../Inc/core/board_init.h **** 
  65:Src/core/../../Inc/core/../../Inc/core/board_init.h ****   //***********************************************************************
  66:Src/core/../../Inc/core/../../Inc/core/board_init.h ****   //* Interrupt levels.                                                   *
  67:Src/core/../../Inc/core/../../Inc/core/board_init.h ****   //***********************************************************************
  68:Src/core/../../Inc/core/../../Inc/core/board_init.h ****   //Enables High, Medium and Low Level Interrupts
  69:Src/core/../../Inc/core/../../Inc/core/board_init.h ****   PMIC.CTRL |= PMIC_HILVLEN_bm | PMIC_MEDLVLEN_bm | PMIC_LOLVLEN_bm;
 619               	.LM15:
 620 0080 8091 A200 		lds r24,162
 621 0084 8760      		ori r24,lo8(7)
 622 0086 8093 A200 		sts 162,r24
 623               	.LBE19:
 624               	.LBE18:
 626               	.Ltext2:
  16:Src/core/main.c ****   board_init();
  17:Src/core/main.c ****   clock_init();
 628               	.LM16:
 629 008a 0E94 0000 		call clock_init
  18:Src/core/main.c ****   initUsart();
 631               	.LM17:
 632 008e 0E94 0000 		call initUsart
  19:Src/core/main.c ****   sei();
 634               	.LM18:
 635               	/* #APP */
 636               	 ;  19 "Src/core/main.c" 1
 637 0092 7894      		sei
 638               	 ;  0 "" 2
  20:Src/core/main.c **** 
  21:Src/core/main.c ****   spew("START\n");
 640               	.LM19:
 641               	/* #NOAPP */
 642 0094 80E0      		ldi r24,lo8(.LC0)
 643 0096 90E0      		ldi r25,hi8(.LC0)
 644 0098 9F93      		push r25
 645 009a 8F93      		push r24
 646 009c 0E94 0000 		call spew
  22:Src/core/main.c ****   //time = get_timer_value();
  23:Src/core/main.c ****   set_step_timer();
 648               	.LM20:
 649 00a0 0E94 0000 		call set_step_timer
  24:Src/core/main.c ****   reset_step_count();
 651               	.LM21:
 652 00a4 0E94 0000 		call reset_step_count
 653 00a8 0F90      		pop __tmp_reg__
 654 00aa 0F90      		pop __tmp_reg__
 655               	.LBB20:
 656               	.LBB21:
 657               	.LBB22:
 658               	.LBB23:
 660               	.Ltext3:
   1:/usr/lib/avr/include/util/delay_basic.h **** /* Copyright (c) 2002, Marek Michalkiewicz
   2:/usr/lib/avr/include/util/delay_basic.h ****    Copyright (c) 2007 Joerg Wunsch
   3:/usr/lib/avr/include/util/delay_basic.h ****    All rights reserved.
   4:/usr/lib/avr/include/util/delay_basic.h **** 
   5:/usr/lib/avr/include/util/delay_basic.h ****    Redistribution and use in source and binary forms, with or without
   6:/usr/lib/avr/include/util/delay_basic.h ****    modification, are permitted provided that the following conditions are met:
   7:/usr/lib/avr/include/util/delay_basic.h **** 
   8:/usr/lib/avr/include/util/delay_basic.h ****    * Redistributions of source code must retain the above copyright
   9:/usr/lib/avr/include/util/delay_basic.h ****      notice, this list of conditions and the following disclaimer.
  10:/usr/lib/avr/include/util/delay_basic.h **** 
  11:/usr/lib/avr/include/util/delay_basic.h ****    * Redistributions in binary form must reproduce the above copyright
  12:/usr/lib/avr/include/util/delay_basic.h ****      notice, this list of conditions and the following disclaimer in
  13:/usr/lib/avr/include/util/delay_basic.h ****      the documentation and/or other materials provided with the
  14:/usr/lib/avr/include/util/delay_basic.h ****      distribution.
  15:/usr/lib/avr/include/util/delay_basic.h **** 
  16:/usr/lib/avr/include/util/delay_basic.h ****    * Neither the name of the copyright holders nor the names of
  17:/usr/lib/avr/include/util/delay_basic.h ****      contributors may be used to endorse or promote products derived
  18:/usr/lib/avr/include/util/delay_basic.h ****      from this software without specific prior written permission.
  19:/usr/lib/avr/include/util/delay_basic.h **** 
  20:/usr/lib/avr/include/util/delay_basic.h ****   THIS SOFTWARE IS PROVIDED BY THE COPYRIGHT HOLDERS AND CONTRIBUTORS "AS IS"
  21:/usr/lib/avr/include/util/delay_basic.h ****   AND ANY EXPRESS OR IMPLIED WARRANTIES, INCLUDING, BUT NOT LIMITED TO, THE
  22:/usr/lib/avr/include/util/delay_basic.h ****   IMPLIED WARRANTIES OF MERCHANTABILITY AND FITNESS FOR A PARTICULAR PURPOSE
  23:/usr/lib/avr/include/util/delay_basic.h ****   ARE DISCLAIMED. IN NO EVENT SHALL THE COPYRIGHT OWNER OR CONTRIBUTORS BE
  24:/usr/lib/avr/include/util/delay_basic.h ****   LIABLE FOR ANY DIRECT, INDIRECT, INCIDENTAL, SPECIAL, EXEMPLARY, OR
  25:/usr/lib/avr/include/util/delay_basic.h ****   CONSEQUENTIAL DAMAGES (INCLUDING, BUT NOT LIMITED TO, PROCUREMENT OF
  26:/usr/lib/avr/include/util/delay_basic.h ****   SUBSTITUTE GOODS OR SERVICES; LOSS OF USE, DATA, OR PROFITS; OR BUSINESS
  27:/usr/lib/avr/include/util/delay_basic.h ****   INTERRUPTION) HOWEVER CAUSED AND ON ANY THEORY OF LIABILITY, WHETHER IN
  28:/usr/lib/avr/include/util/delay_basic.h ****   CONTRACT, STRICT LIABILITY, OR TORT (INCLUDING NEGLIGENCE OR OTHERWISE)
  29:/usr/lib/avr/include/util/delay_basic.h ****   ARISING IN ANY WAY OUT OF THE USE OF THIS SOFTWARE, EVEN IF ADVISED OF THE
  30:/usr/lib/avr/include/util/delay_basic.h ****   POSSIBILITY OF SUCH DAMAGE. */
  31:/usr/lib/avr/include/util/delay_basic.h **** 
  32:/usr/lib/avr/include/util/delay_basic.h **** /* $Id$ */
  33:/usr/lib/avr/include/util/delay_basic.h **** 
  34:/usr/lib/avr/include/util/delay_basic.h **** #ifndef _UTIL_DELAY_BASIC_H_
  35:/usr/lib/avr/include/util/delay_basic.h **** #define _UTIL_DELAY_BASIC_H_ 1
  36:/usr/lib/avr/include/util/delay_basic.h **** 
  37:/usr/lib/avr/include/util/delay_basic.h **** #include <inttypes.h>
  38:/usr/lib/avr/include/util/delay_basic.h **** 
  39:/usr/lib/avr/include/util/delay_basic.h **** #if !defined(__DOXYGEN__)
  40:/usr/lib/avr/include/util/delay_basic.h **** static __inline__ void _delay_loop_1(uint8_t __count) __attribute__((__always_inline__));
  41:/usr/lib/avr/include/util/delay_basic.h **** static __inline__ void _delay_loop_2(uint16_t __count) __attribute__((__always_inline__));
  42:/usr/lib/avr/include/util/delay_basic.h **** #endif
  43:/usr/lib/avr/include/util/delay_basic.h **** 
  44:/usr/lib/avr/include/util/delay_basic.h **** /** \file */
  45:/usr/lib/avr/include/util/delay_basic.h **** /** \defgroup util_delay_basic <util/delay_basic.h>: Basic busy-wait delay loops
  46:/usr/lib/avr/include/util/delay_basic.h ****     \code
  47:/usr/lib/avr/include/util/delay_basic.h ****     #include <util/delay_basic.h>
  48:/usr/lib/avr/include/util/delay_basic.h ****     \endcode
  49:/usr/lib/avr/include/util/delay_basic.h **** 
  50:/usr/lib/avr/include/util/delay_basic.h ****     The functions in this header file implement simple delay loops
  51:/usr/lib/avr/include/util/delay_basic.h ****     that perform a busy-waiting.  They are typically used to
  52:/usr/lib/avr/include/util/delay_basic.h ****     facilitate short delays in the program execution.  They are
  53:/usr/lib/avr/include/util/delay_basic.h ****     implemented as count-down loops with a well-known CPU cycle
  54:/usr/lib/avr/include/util/delay_basic.h ****     count per loop iteration.  As such, no other processing can
  55:/usr/lib/avr/include/util/delay_basic.h ****     occur simultaneously.  It should be kept in mind that the
  56:/usr/lib/avr/include/util/delay_basic.h ****     functions described here do not disable interrupts.
  57:/usr/lib/avr/include/util/delay_basic.h **** 
  58:/usr/lib/avr/include/util/delay_basic.h ****     In general, for long delays, the use of hardware timers is
  59:/usr/lib/avr/include/util/delay_basic.h ****     much preferrable, as they free the CPU, and allow for
  60:/usr/lib/avr/include/util/delay_basic.h ****     concurrent processing of other events while the timer is
  61:/usr/lib/avr/include/util/delay_basic.h ****     running.  However, in particular for very short delays, the
  62:/usr/lib/avr/include/util/delay_basic.h ****     overhead of setting up a hardware timer is too much compared
  63:/usr/lib/avr/include/util/delay_basic.h ****     to the overall delay time.
  64:/usr/lib/avr/include/util/delay_basic.h **** 
  65:/usr/lib/avr/include/util/delay_basic.h ****     Two inline functions are provided for the actual delay algorithms.
  66:/usr/lib/avr/include/util/delay_basic.h **** 
  67:/usr/lib/avr/include/util/delay_basic.h **** */
  68:/usr/lib/avr/include/util/delay_basic.h **** 
  69:/usr/lib/avr/include/util/delay_basic.h **** /** \ingroup util_delay_basic
  70:/usr/lib/avr/include/util/delay_basic.h **** 
  71:/usr/lib/avr/include/util/delay_basic.h ****     Delay loop using an 8-bit counter \c __count, so up to 256
  72:/usr/lib/avr/include/util/delay_basic.h ****     iterations are possible.  (The value 256 would have to be passed
  73:/usr/lib/avr/include/util/delay_basic.h ****     as 0.)  The loop executes three CPU cycles per iteration, not
  74:/usr/lib/avr/include/util/delay_basic.h ****     including the overhead the compiler needs to setup the counter
  75:/usr/lib/avr/include/util/delay_basic.h ****     register.
  76:/usr/lib/avr/include/util/delay_basic.h **** 
  77:/usr/lib/avr/include/util/delay_basic.h ****     Thus, at a CPU speed of 1 MHz, delays of up to 768 microseconds
  78:/usr/lib/avr/include/util/delay_basic.h ****     can be achieved.
  79:/usr/lib/avr/include/util/delay_basic.h **** */
  80:/usr/lib/avr/include/util/delay_basic.h **** void
  81:/usr/lib/avr/include/util/delay_basic.h **** _delay_loop_1(uint8_t __count)
  82:/usr/lib/avr/include/util/delay_basic.h **** {
  83:/usr/lib/avr/include/util/delay_basic.h **** 	__asm__ volatile (
  84:/usr/lib/avr/include/util/delay_basic.h **** 		"1: dec %0" "\n\t"
  85:/usr/lib/avr/include/util/delay_basic.h **** 		"brne 1b"
  86:/usr/lib/avr/include/util/delay_basic.h **** 		: "=r" (__count)
  87:/usr/lib/avr/include/util/delay_basic.h **** 		: "0" (__count)
  88:/usr/lib/avr/include/util/delay_basic.h **** 	);
  89:/usr/lib/avr/include/util/delay_basic.h **** }
  90:/usr/lib/avr/include/util/delay_basic.h **** 
  91:/usr/lib/avr/include/util/delay_basic.h **** /** \ingroup util_delay_basic
  92:/usr/lib/avr/include/util/delay_basic.h **** 
  93:/usr/lib/avr/include/util/delay_basic.h ****     Delay loop using a 16-bit counter \c __count, so up to 65536
  94:/usr/lib/avr/include/util/delay_basic.h ****     iterations are possible.  (The value 65536 would have to be
  95:/usr/lib/avr/include/util/delay_basic.h ****     passed as 0.)  The loop executes four CPU cycles per iteration,
  96:/usr/lib/avr/include/util/delay_basic.h ****     not including the overhead the compiler requires to setup the
  97:/usr/lib/avr/include/util/delay_basic.h ****     counter register pair.
  98:/usr/lib/avr/include/util/delay_basic.h **** 
  99:/usr/lib/avr/include/util/delay_basic.h ****     Thus, at a CPU speed of 1 MHz, delays of up to about 262.1
 100:/usr/lib/avr/include/util/delay_basic.h ****     milliseconds can be achieved.
 101:/usr/lib/avr/include/util/delay_basic.h ****  */
 102:/usr/lib/avr/include/util/delay_basic.h **** void
 103:/usr/lib/avr/include/util/delay_basic.h **** _delay_loop_2(uint16_t __count)
 104:/usr/lib/avr/include/util/delay_basic.h **** {
 105:/usr/lib/avr/include/util/delay_basic.h **** 	__asm__ volatile (
 662               	.LM22:
 663 00ac C0E2      		ldi r28,lo8(32)
 664 00ae D3E0      		ldi r29,lo8(3)
 665               	.L4:
 666               	.LBE23:
 667               	.LBE22:
 668               	.LBE21:
 669               	.LBE20:
 671               	.Ltext4:
  14:Src/core/main.c ****   cli();
 673               	.LM23:
 674 00b0 88EE      		ldi r24,lo8(-24)
 675 00b2 93E0      		ldi r25,lo8(3)
 676               	.L3:
 677               	.LBB27:
 678               	.LBB26:
 679               	.LBB25:
 680               	.LBB24:
 682               	.Ltext5:
 684               	.LM24:
 685 00b4 FE01      		movw r30,r28
 686               	/* #APP */
 687               	 ;  105 "/usr/lib/avr/include/util/delay_basic.h" 1
 688 00b6 3197      		1: sbiw r30,1
 689 00b8 01F4      		brne 1b
 690               	 ;  0 "" 2
 691               	/* #NOAPP */
 692 00ba 0197      		sbiw r24,1
 693               	.LBE24:
 694               	.LBE25:
 696               	.Ltext6:
   1:/usr/lib/avr/include/util/delay.h **** /* Copyright (c) 2002, Marek Michalkiewicz
   2:/usr/lib/avr/include/util/delay.h ****    Copyright (c) 2004,2005,2007 Joerg Wunsch
   3:/usr/lib/avr/include/util/delay.h ****    Copyright (c) 2007  Florin-Viorel Petrov
   4:/usr/lib/avr/include/util/delay.h ****    All rights reserved.
   5:/usr/lib/avr/include/util/delay.h **** 
   6:/usr/lib/avr/include/util/delay.h ****    Redistribution and use in source and binary forms, with or without
   7:/usr/lib/avr/include/util/delay.h ****    modification, are permitted provided that the following conditions are met:
   8:/usr/lib/avr/include/util/delay.h **** 
   9:/usr/lib/avr/include/util/delay.h ****    * Redistributions of source code must retain the above copyright
  10:/usr/lib/avr/include/util/delay.h ****      notice, this list of conditions and the following disclaimer.
  11:/usr/lib/avr/include/util/delay.h **** 
  12:/usr/lib/avr/include/util/delay.h ****    * Redistributions in binary form must reproduce the above copyright
  13:/usr/lib/avr/include/util/delay.h ****      notice, this list of conditions and the following disclaimer in
  14:/usr/lib/avr/include/util/delay.h ****      the documentation and/or other materials provided with the
  15:/usr/lib/avr/include/util/delay.h ****      distribution.
  16:/usr/lib/avr/include/util/delay.h **** 
  17:/usr/lib/avr/include/util/delay.h ****    * Neither the name of the copyright holders nor the names of
  18:/usr/lib/avr/include/util/delay.h ****      contributors may be used to endorse or promote products derived
  19:/usr/lib/avr/include/util/delay.h ****      from this software without specific prior written permission.
  20:/usr/lib/avr/include/util/delay.h **** 
  21:/usr/lib/avr/include/util/delay.h ****   THIS SOFTWARE IS PROVIDED BY THE COPYRIGHT HOLDERS AND CONTRIBUTORS "AS IS"
  22:/usr/lib/avr/include/util/delay.h ****   AND ANY EXPRESS OR IMPLIED WARRANTIES, INCLUDING, BUT NOT LIMITED TO, THE
  23:/usr/lib/avr/include/util/delay.h ****   IMPLIED WARRANTIES OF MERCHANTABILITY AND FITNESS FOR A PARTICULAR PURPOSE
  24:/usr/lib/avr/include/util/delay.h ****   ARE DISCLAIMED. IN NO EVENT SHALL THE COPYRIGHT OWNER OR CONTRIBUTORS BE
  25:/usr/lib/avr/include/util/delay.h ****   LIABLE FOR ANY DIRECT, INDIRECT, INCIDENTAL, SPECIAL, EXEMPLARY, OR
  26:/usr/lib/avr/include/util/delay.h ****   CONSEQUENTIAL DAMAGES (INCLUDING, BUT NOT LIMITED TO, PROCUREMENT OF
  27:/usr/lib/avr/include/util/delay.h ****   SUBSTITUTE GOODS OR SERVICES; LOSS OF USE, DATA, OR PROFITS; OR BUSINESS
  28:/usr/lib/avr/include/util/delay.h ****   INTERRUPTION) HOWEVER CAUSED AND ON ANY THEORY OF LIABILITY, WHETHER IN
  29:/usr/lib/avr/include/util/delay.h ****   CONTRACT, STRICT LIABILITY, OR TORT (INCLUDING NEGLIGENCE OR OTHERWISE)
  30:/usr/lib/avr/include/util/delay.h ****   ARISING IN ANY WAY OUT OF THE USE OF THIS SOFTWARE, EVEN IF ADVISED OF THE
  31:/usr/lib/avr/include/util/delay.h ****   POSSIBILITY OF SUCH DAMAGE. */
  32:/usr/lib/avr/include/util/delay.h **** 
  33:/usr/lib/avr/include/util/delay.h **** /* $Id$ */
  34:/usr/lib/avr/include/util/delay.h **** 
  35:/usr/lib/avr/include/util/delay.h **** #ifndef _UTIL_DELAY_H_
  36:/usr/lib/avr/include/util/delay.h **** #define _UTIL_DELAY_H_ 1
  37:/usr/lib/avr/include/util/delay.h **** 
  38:/usr/lib/avr/include/util/delay.h **** #ifndef __DOXYGEN__
  39:/usr/lib/avr/include/util/delay.h **** #  ifndef __HAS_DELAY_CYCLES
  40:/usr/lib/avr/include/util/delay.h **** #    define __HAS_DELAY_CYCLES 1
  41:/usr/lib/avr/include/util/delay.h **** #  endif
  42:/usr/lib/avr/include/util/delay.h **** #endif  /* __DOXYGEN__ */
  43:/usr/lib/avr/include/util/delay.h **** 
  44:/usr/lib/avr/include/util/delay.h **** #include <inttypes.h>
  45:/usr/lib/avr/include/util/delay.h **** #include <util/delay_basic.h>
  46:/usr/lib/avr/include/util/delay.h **** #include <math.h>
  47:/usr/lib/avr/include/util/delay.h **** 
  48:/usr/lib/avr/include/util/delay.h **** /** \file */
  49:/usr/lib/avr/include/util/delay.h **** /** \defgroup util_delay <util/delay.h>: Convenience functions for busy-wait delay loops
  50:/usr/lib/avr/include/util/delay.h ****     \code
  51:/usr/lib/avr/include/util/delay.h ****     #define F_CPU 1000000UL  // 1 MHz
  52:/usr/lib/avr/include/util/delay.h ****     //#define F_CPU 14.7456E6
  53:/usr/lib/avr/include/util/delay.h ****     #include <util/delay.h>
  54:/usr/lib/avr/include/util/delay.h ****     \endcode
  55:/usr/lib/avr/include/util/delay.h **** 
  56:/usr/lib/avr/include/util/delay.h ****     \note As an alternative method, it is possible to pass the
  57:/usr/lib/avr/include/util/delay.h ****     F_CPU macro down to the compiler from the Makefile.
  58:/usr/lib/avr/include/util/delay.h ****     Obviously, in that case, no \c \#define statement should be
  59:/usr/lib/avr/include/util/delay.h ****     used.
  60:/usr/lib/avr/include/util/delay.h **** 
  61:/usr/lib/avr/include/util/delay.h ****     The functions in this header file are wrappers around the basic
  62:/usr/lib/avr/include/util/delay.h ****     busy-wait functions from <util/delay_basic.h>.  They are meant as
  63:/usr/lib/avr/include/util/delay.h ****     convenience functions where actual time values can be specified
  64:/usr/lib/avr/include/util/delay.h ****     rather than a number of cycles to wait for.  The idea behind is
  65:/usr/lib/avr/include/util/delay.h ****     that compile-time constant expressions will be eliminated by
  66:/usr/lib/avr/include/util/delay.h ****     compiler optimization so floating-point expressions can be used
  67:/usr/lib/avr/include/util/delay.h ****     to calculate the number of delay cycles needed based on the CPU
  68:/usr/lib/avr/include/util/delay.h ****     frequency passed by the macro F_CPU.
  69:/usr/lib/avr/include/util/delay.h **** 
  70:/usr/lib/avr/include/util/delay.h ****     \note In order for these functions to work as intended, compiler
  71:/usr/lib/avr/include/util/delay.h ****     optimizations <em>must</em> be enabled, and the delay time
  72:/usr/lib/avr/include/util/delay.h ****     <em>must</em> be an expression that is a known constant at
  73:/usr/lib/avr/include/util/delay.h ****     compile-time.  If these requirements are not met, the resulting
  74:/usr/lib/avr/include/util/delay.h ****     delay will be much longer (and basically unpredictable), and
  75:/usr/lib/avr/include/util/delay.h ****     applications that otherwise do not use floating-point calculations
  76:/usr/lib/avr/include/util/delay.h ****     will experience severe code bloat by the floating-point library
  77:/usr/lib/avr/include/util/delay.h ****     routines linked into the application.
  78:/usr/lib/avr/include/util/delay.h **** 
  79:/usr/lib/avr/include/util/delay.h ****     The functions available allow the specification of microsecond, and
  80:/usr/lib/avr/include/util/delay.h ****     millisecond delays directly, using the application-supplied macro
  81:/usr/lib/avr/include/util/delay.h ****     F_CPU as the CPU clock frequency (in Hertz).
  82:/usr/lib/avr/include/util/delay.h **** 
  83:/usr/lib/avr/include/util/delay.h **** */
  84:/usr/lib/avr/include/util/delay.h **** 
  85:/usr/lib/avr/include/util/delay.h **** #if !defined(__DOXYGEN__)
  86:/usr/lib/avr/include/util/delay.h **** static __inline__ void _delay_us(double __us) __attribute__((__always_inline__));
  87:/usr/lib/avr/include/util/delay.h **** static __inline__ void _delay_ms(double __ms) __attribute__((__always_inline__));
  88:/usr/lib/avr/include/util/delay.h **** #endif
  89:/usr/lib/avr/include/util/delay.h **** 
  90:/usr/lib/avr/include/util/delay.h **** #ifndef F_CPU
  91:/usr/lib/avr/include/util/delay.h **** /* prevent compiler error by supplying a default */
  92:/usr/lib/avr/include/util/delay.h **** # warning "F_CPU not defined for <util/delay.h>"
  93:/usr/lib/avr/include/util/delay.h **** /** \ingroup util_delay
  94:/usr/lib/avr/include/util/delay.h ****     \def F_CPU
  95:/usr/lib/avr/include/util/delay.h ****     \brief CPU frequency in Hz
  96:/usr/lib/avr/include/util/delay.h **** 
  97:/usr/lib/avr/include/util/delay.h ****     The macro F_CPU specifies the CPU frequency to be considered by
  98:/usr/lib/avr/include/util/delay.h ****     the delay macros.  This macro is normally supplied by the
  99:/usr/lib/avr/include/util/delay.h ****     environment (e.g. from within a project header, or the project's
 100:/usr/lib/avr/include/util/delay.h ****     Makefile).  The value 1 MHz here is only provided as a "vanilla"
 101:/usr/lib/avr/include/util/delay.h ****     fallback if no such user-provided definition could be found.
 102:/usr/lib/avr/include/util/delay.h **** 
 103:/usr/lib/avr/include/util/delay.h ****     In terms of the delay functions, the CPU frequency can be given as
 104:/usr/lib/avr/include/util/delay.h ****     a floating-point constant (e.g. 3.6864E6 for 3.6864 MHz).
 105:/usr/lib/avr/include/util/delay.h ****     However, the macros in <util/setbaud.h> require it to be an
 106:/usr/lib/avr/include/util/delay.h ****     integer value.
 107:/usr/lib/avr/include/util/delay.h ****  */
 108:/usr/lib/avr/include/util/delay.h **** # define F_CPU 1000000UL
 109:/usr/lib/avr/include/util/delay.h **** #endif
 110:/usr/lib/avr/include/util/delay.h **** 
 111:/usr/lib/avr/include/util/delay.h **** #ifndef __OPTIMIZE__
 112:/usr/lib/avr/include/util/delay.h **** # warning "Compiler optimizations disabled; functions from <util/delay.h> won't work as designed"
 113:/usr/lib/avr/include/util/delay.h **** #endif
 114:/usr/lib/avr/include/util/delay.h **** 
 115:/usr/lib/avr/include/util/delay.h **** #if __HAS_DELAY_CYCLES && defined(__OPTIMIZE__) && \
 116:/usr/lib/avr/include/util/delay.h ****   !defined(__DELAY_BACKWARD_COMPATIBLE__) &&	   \
 117:/usr/lib/avr/include/util/delay.h ****   __STDC_HOSTED__
 118:/usr/lib/avr/include/util/delay.h **** #  include <math.h>
 119:/usr/lib/avr/include/util/delay.h **** #endif
 120:/usr/lib/avr/include/util/delay.h **** 
 121:/usr/lib/avr/include/util/delay.h **** /**
 122:/usr/lib/avr/include/util/delay.h ****    \ingroup util_delay
 123:/usr/lib/avr/include/util/delay.h **** 
 124:/usr/lib/avr/include/util/delay.h ****    Perform a delay of \c __ms milliseconds, using _delay_loop_2().
 125:/usr/lib/avr/include/util/delay.h **** 
 126:/usr/lib/avr/include/util/delay.h ****    The macro F_CPU is supposed to be defined to a
 127:/usr/lib/avr/include/util/delay.h ****    constant defining the CPU clock frequency (in Hertz).
 128:/usr/lib/avr/include/util/delay.h **** 
 129:/usr/lib/avr/include/util/delay.h ****    The maximal possible delay is 262.14 ms / F_CPU in MHz.
 130:/usr/lib/avr/include/util/delay.h **** 
 131:/usr/lib/avr/include/util/delay.h ****    When the user request delay which exceed the maximum possible one,
 132:/usr/lib/avr/include/util/delay.h ****    _delay_ms() provides a decreased resolution functionality. In this
 133:/usr/lib/avr/include/util/delay.h ****    mode _delay_ms() will work with a resolution of 1/10 ms, providing
 134:/usr/lib/avr/include/util/delay.h ****    delays up to 6.5535 seconds (independent from CPU frequency).  The
 135:/usr/lib/avr/include/util/delay.h ****    user will not be informed about decreased resolution.
 136:/usr/lib/avr/include/util/delay.h **** 
 137:/usr/lib/avr/include/util/delay.h ****    If the avr-gcc toolchain has __builtin_avr_delay_cycles()
 138:/usr/lib/avr/include/util/delay.h ****    support, maximal possible delay is 4294967.295 ms/ F_CPU in MHz. For
 139:/usr/lib/avr/include/util/delay.h ****    values greater than the maximal possible delay, overflows results in
 140:/usr/lib/avr/include/util/delay.h ****    no delay i.e., 0ms.
 141:/usr/lib/avr/include/util/delay.h **** 
 142:/usr/lib/avr/include/util/delay.h ****    Conversion of \c __ms into clock cycles may not always result in
 143:/usr/lib/avr/include/util/delay.h ****    integer.  By default, the clock cycles rounded up to next
 144:/usr/lib/avr/include/util/delay.h ****    integer. This ensures that the user gets at least \c __ms
 145:/usr/lib/avr/include/util/delay.h ****    microseconds of delay.
 146:/usr/lib/avr/include/util/delay.h **** 
 147:/usr/lib/avr/include/util/delay.h ****    Alternatively, by defining the macro \c __DELAY_ROUND_DOWN__, or
 148:/usr/lib/avr/include/util/delay.h ****    \c __DELAY_ROUND_CLOSEST__, before including this header file, the
 149:/usr/lib/avr/include/util/delay.h ****    algorithm can be made to round down, or round to closest integer,
 150:/usr/lib/avr/include/util/delay.h ****    respectively.
 151:/usr/lib/avr/include/util/delay.h **** 
 152:/usr/lib/avr/include/util/delay.h ****    \note
 153:/usr/lib/avr/include/util/delay.h **** 
 154:/usr/lib/avr/include/util/delay.h ****    The implementation of _delay_ms() based on
 155:/usr/lib/avr/include/util/delay.h ****    __builtin_avr_delay_cycles() is not backward compatible with older
 156:/usr/lib/avr/include/util/delay.h ****    implementations.  In order to get functionality backward compatible
 157:/usr/lib/avr/include/util/delay.h ****    with previous versions, the macro \c "__DELAY_BACKWARD_COMPATIBLE__"
 158:/usr/lib/avr/include/util/delay.h ****    must be defined before including this header file. Also, the
 159:/usr/lib/avr/include/util/delay.h ****    backward compatible algorithm will be chosen if the code is
 160:/usr/lib/avr/include/util/delay.h ****    compiled in a <em>freestanding environment</em> (GCC option
 161:/usr/lib/avr/include/util/delay.h ****    \c -ffreestanding), as the math functions required for rounding are
 162:/usr/lib/avr/include/util/delay.h ****    not available to the compiler then.
 163:/usr/lib/avr/include/util/delay.h **** 
 164:/usr/lib/avr/include/util/delay.h ****  */
 165:/usr/lib/avr/include/util/delay.h **** void
 166:/usr/lib/avr/include/util/delay.h **** _delay_ms(double __ms)
 167:/usr/lib/avr/include/util/delay.h **** {
 168:/usr/lib/avr/include/util/delay.h **** 	double __tmp ;
 169:/usr/lib/avr/include/util/delay.h **** #if __HAS_DELAY_CYCLES && defined(__OPTIMIZE__) && \
 170:/usr/lib/avr/include/util/delay.h ****   !defined(__DELAY_BACKWARD_COMPATIBLE__) &&	   \
 171:/usr/lib/avr/include/util/delay.h ****   __STDC_HOSTED__
 172:/usr/lib/avr/include/util/delay.h **** 	uint32_t __ticks_dc;
 173:/usr/lib/avr/include/util/delay.h **** 	extern void __builtin_avr_delay_cycles(unsigned long);
 174:/usr/lib/avr/include/util/delay.h **** 	__tmp = ((F_CPU) / 1e3) * __ms;
 175:/usr/lib/avr/include/util/delay.h **** 
 176:/usr/lib/avr/include/util/delay.h **** 	#if defined(__DELAY_ROUND_DOWN__)
 177:/usr/lib/avr/include/util/delay.h **** 		__ticks_dc = (uint32_t)fabs(__tmp);
 178:/usr/lib/avr/include/util/delay.h **** 
 179:/usr/lib/avr/include/util/delay.h **** 	#elif defined(__DELAY_ROUND_CLOSEST__)
 180:/usr/lib/avr/include/util/delay.h **** 		__ticks_dc = (uint32_t)(fabs(__tmp)+0.5);
 181:/usr/lib/avr/include/util/delay.h **** 
 182:/usr/lib/avr/include/util/delay.h **** 	#else
 183:/usr/lib/avr/include/util/delay.h **** 		//round up by default
 184:/usr/lib/avr/include/util/delay.h **** 		__ticks_dc = (uint32_t)(ceil(fabs(__tmp)));
 185:/usr/lib/avr/include/util/delay.h **** 	#endif
 186:/usr/lib/avr/include/util/delay.h **** 
 187:/usr/lib/avr/include/util/delay.h **** 	__builtin_avr_delay_cycles(__ticks_dc);
 188:/usr/lib/avr/include/util/delay.h **** 
 189:/usr/lib/avr/include/util/delay.h **** #else
 190:/usr/lib/avr/include/util/delay.h **** 	uint16_t __ticks;
 191:/usr/lib/avr/include/util/delay.h **** 	__tmp = ((F_CPU) / 4e3) * __ms;
 192:/usr/lib/avr/include/util/delay.h **** 	if (__tmp < 1.0)
 193:/usr/lib/avr/include/util/delay.h **** 		__ticks = 1;
 194:/usr/lib/avr/include/util/delay.h **** 	else if (__tmp > 65535)
 195:/usr/lib/avr/include/util/delay.h **** 	{
 196:/usr/lib/avr/include/util/delay.h **** 		//	__ticks = requested delay in 1/10 ms
 197:/usr/lib/avr/include/util/delay.h **** 		__ticks = (uint16_t) (__ms * 10.0);
 198:/usr/lib/avr/include/util/delay.h **** 		while(__ticks)
 698               	.LM25:
 699 00bc 01F4      		brne .L3
 700               	.LBE26:
 701               	.LBE27:
 703               	.Ltext7:
  25:Src/core/main.c **** 
  26:Src/core/main.c ****   do
  27:Src/core/main.c ****   {
  28:Src/core/main.c ****     _delay_ms(100);
  29:Src/core/main.c ****     var = move_forward();
 705               	.LM26:
 706 00be 0E94 0000 		call move_forward
 707 00c2 8093 0000 		sts var,r24
 708 00c6 9093 0000 		sts var+1,r25
  30:Src/core/main.c ****   } while (var != 1);
 710               	.LM27:
 711 00ca 0197      		sbiw r24,1
 712 00cc 01F4      		brne .L4
  31:Src/core/main.c **** 
  32:Src/core/main.c **** 
  33:Src/core/main.c **** spew("Move done!\n");
 714               	.LM28:
 715 00ce 80E0      		ldi r24,lo8(.LC1)
 716 00d0 90E0      		ldi r25,hi8(.LC1)
 717 00d2 9F93      		push r25
 718 00d4 8F93      		push r24
 719 00d6 0E94 0000 		call spew
  34:Src/core/main.c **** }...
 721               	.LM29:
 722 00da 0F90      		pop __tmp_reg__
 723 00dc 0F90      		pop __tmp_reg__
 724               	/* epilogue start */
 725 00de DF91      		pop r29
 726 00e0 CF91      		pop r28
 727 00e2 0895      		ret
 729               	.Lscope1:
 731               		.stabd	78,0,0
 732               	.global	var
 733               		.section .bss
 736               	var:
 737 0000 0000      		.zero	2
 738               	.global	time
 741               	time:
 742 0002 0000 0000 		.zero	4
 743               		.comm	stepper_motor_t,10,1
 747               		.text
 749               	.Letext0:
 750               		.ident	"GCC: (GNU) 5.4.0"
 751               	.global __do_copy_data
 752               	.global __do_clear_bss
DEFINED SYMBOLS
                            *ABS*:0000000000000000 main.c
     /tmp/ccaZ8Z1y.s:2      *ABS*:000000000000003e __SP_H__
     /tmp/ccaZ8Z1y.s:3      *ABS*:000000000000003d __SP_L__
     /tmp/ccaZ8Z1y.s:4      *ABS*:000000000000003f __SREG__
     /tmp/ccaZ8Z1y.s:5      *ABS*:0000000000000034 __CCP__
     /tmp/ccaZ8Z1y.s:6      *ABS*:0000000000000000 __tmp_reg__
     /tmp/ccaZ8Z1y.s:7      *ABS*:0000000000000001 __zero_reg__
     /tmp/ccaZ8Z1y.s:519    .text.startup:0000000000000000 main
     /tmp/ccaZ8Z1y.s:736    .bss:0000000000000000 var
     /tmp/ccaZ8Z1y.s:741    .bss:0000000000000002 time
                            *COM*:000000000000000a stepper_motor_t

UNDEFINED SYMBOLS
gpio_cfg_out_np
gpio_cfg_opc_np
servo_cfg_A
servo_cfg_A_
servo_cfg_B
servo_cfg_B_
gpio_cfg_in_np
clock_init
initUsart
spew
set_step_timer
reset_step_count
move_forward
__do_copy_data
__do_clear_bss
