   1               		.file	"clock.c"
   2               	__SP_H__ = 0x3e
   3               	__SP_L__ = 0x3d
   4               	__SREG__ = 0x3f
   5               	__CCP__ = 0x34
   6               	__tmp_reg__ = 0
   7               	__zero_reg__ = 1
  10               		.text
  11               	.Ltext0:
 494               	.global	clock_init
 496               	clock_init:
 497               		.stabd	46,0,0
   1:Src/driver/clock.c **** // Local Headers
   2:Src/driver/clock.c **** #include "../../config.h"
   3:Src/driver/clock.c **** #include "../../Inc/driver/io.h"
   4:Src/driver/clock.c **** #include "../../Inc/driver/clock.h"
   5:Src/driver/clock.c **** #include "../../TC_driver/TC_driver.h"
   6:Src/driver/clock.c **** 
   7:Src/driver/clock.c **** void clock_init(void)
   8:Src/driver/clock.c **** {
 499               	.LM0:
 500               	.LFBB1:
 501               	/* prologue: function */
 502               	/* frame size = 0 */
 503               	/* stack size = 0 */
 504               	.L__stack_usage = 0
   9:Src/driver/clock.c ****   // Setting the period/TOP of timer E1
  10:Src/driver/clock.c ****   // F_CPU/prescaler * period - 1 = ticks
  11:Src/driver/clock.c ****   // 32000000/256 * 0.001s - 1 = 125
  12:Src/driver/clock.c ****   TC_SetPeriod(&TCE0, 125); //TE0C->PER = 125
 506               	.LM1:
 507 0000 8DE7      		ldi r24,lo8(125)
 508 0002 90E0      		ldi r25,0
 509 0004 8093 260A 		sts 2598,r24
 510 0008 9093 270A 		sts 2598+1,r25
  13:Src/driver/clock.c **** 
  14:Src/driver/clock.c ****   // Setting the clock of timer E0 (F_CPU/256)
  15:Src/driver/clock.c ****   TC0_ConfigClockSource(&TCE0, TC_CLKSEL_DIV256_gc); //tc->CTRLA[3:0] = xxx
 512               	.LM2:
 513 000c 66E0      		ldi r22,lo8(6)
 514 000e 80E0      		ldi r24,0
 515 0010 9AE0      		ldi r25,lo8(10)
 516 0012 0E94 0000 		call TC0_ConfigClockSource
  16:Src/driver/clock.c **** 
  17:Src/driver/clock.c ****   // Setting timer E0 to the normal operating mode
  18:Src/driver/clock.c ****   TC0_ConfigWGM(&TCE0, TC_WGMODE_NORMAL_gc); //Normal Mode: TOP = PER, OVF = TOP
 518               	.LM3:
 519 0016 60E0      		ldi r22,0
 520 0018 80E0      		ldi r24,0
 521 001a 9AE0      		ldi r25,lo8(10)
 522 001c 0E94 0000 		call TC0_ConfigWGM
  19:Src/driver/clock.c **** 
  20:Src/driver/clock.c ****   // Enabling low-priority overflow interruptions
  21:Src/driver/clock.c ****   TC0_SetOverflowIntLevel(&TCE0, TC_OVFINTLVL_LO_gc);
 524               	.LM4:
 525 0020 61E0      		ldi r22,lo8(1)
 526 0022 80E0      		ldi r24,0
 527 0024 9AE0      		ldi r25,lo8(10)
 528 0026 0C94 0000 		jmp TC0_SetOverflowIntLevel
 530               	.Lscope1:
 532               		.stabd	78,0,0
 534               	.global	__vector_47
 536               	__vector_47:
 537               		.stabd	46,0,0
  22:Src/driver/clock.c **** }
  23:Src/driver/clock.c **** 
  24:Src/driver/clock.c **** uint16_t T0_millis = 0;
  25:Src/driver/clock.c **** //uint8_t over=0;
  26:Src/driver/clock.c **** ISR(TCE0_OVF_vect)
  27:Src/driver/clock.c **** {
 539               	.LM5:
 540               	.LFBB2:
 541 002a 1F92      		push r1
 542 002c 0F92      		push r0
 543 002e 0FB6      		in r0,__SREG__
 544 0030 0F92      		push r0
 545 0032 1124      		clr __zero_reg__
 546 0034 8F93      		push r24
 547 0036 9F93      		push r25
 548               	/* prologue: Signal */
 549               	/* frame size = 0 */
 550               	/* stack size = 5 */
 551               	.L__stack_usage = 5
  28:Src/driver/clock.c ****   T0_millis++;
 553               	.LM6:
 554 0038 8091 0000 		lds r24,T0_millis
 555 003c 9091 0000 		lds r25,T0_millis+1
 556 0040 0196      		adiw r24,1
 557 0042 8093 0000 		sts T0_millis,r24
 558 0046 9093 0000 		sts T0_millis+1,r25
 559               	/* epilogue start */
  29:Src/driver/clock.c ****   //GPIO_TGL(LED);
  30:Src/driver/clock.c **** }
 561               	.LM7:
 562 004a 9F91      		pop r25
 563 004c 8F91      		pop r24
 564 004e 0F90      		pop r0
 565 0050 0FBE      		out __SREG__,r0
 566 0052 0F90      		pop r0
 567 0054 1F90      		pop r1
 568 0056 1895      		reti
 570               	.Lscope2:
 572               		.stabd	78,0,0
 574               	.global	get_timer_value
 576               	get_timer_value:
 577               		.stabd	46,0,0
  31:Src/driver/clock.c **** 
  32:Src/driver/clock.c **** uint16_t get_timer_value(){
 579               	.LM8:
 580               	.LFBB3:
 581               	/* prologue: function */
 582               	/* frame size = 0 */
 583               	/* stack size = 0 */
 584               	.L__stack_usage = 0
  33:Src/driver/clock.c ****   return T0_millis;
  34:Src/driver/clock.c **** }...
 586               	.LM9:
 587 0058 8091 0000 		lds r24,T0_millis
 588 005c 9091 0000 		lds r25,T0_millis+1
 589 0060 0895      		ret
 591               	.Lscope3:
 593               		.stabd	78,0,0
 594               	.global	T0_millis
 595               		.section .bss
 598               	T0_millis:
 599 0000 0000      		.zero	2
 601               		.text
 603               	.Letext0:
 604               		.ident	"GCC: (GNU) 5.4.0"
 605               	.global __do_clear_bss
DEFINED SYMBOLS
                            *ABS*:0000000000000000 clock.c
     /tmp/ccv8siCL.s:2      *ABS*:000000000000003e __SP_H__
     /tmp/ccv8siCL.s:3      *ABS*:000000000000003d __SP_L__
     /tmp/ccv8siCL.s:4      *ABS*:000000000000003f __SREG__
     /tmp/ccv8siCL.s:5      *ABS*:0000000000000034 __CCP__
     /tmp/ccv8siCL.s:6      *ABS*:0000000000000000 __tmp_reg__
     /tmp/ccv8siCL.s:7      *ABS*:0000000000000001 __zero_reg__
     /tmp/ccv8siCL.s:496    .text:0000000000000000 clock_init
     /tmp/ccv8siCL.s:536    .text:000000000000002a __vector_47
     /tmp/ccv8siCL.s:598    .bss:0000000000000000 T0_millis
     /tmp/ccv8siCL.s:576    .text:0000000000000058 get_timer_value

UNDEFINED SYMBOLS
TC0_ConfigClockSource
TC0_ConfigWGM
TC0_SetOverflowIntLevel
__do_clear_bss
